<?xml version="1.0" encoding="UTF-8"?>
<!-- Generated by org.testng.reporters.JUnitReportReporter -->
<testsuite hostname="DESKTOP-6EBHN51" failures="0" tests="4" name="TestPage.LoginTest" time="13.570" errors="0" timestamp="23 Aug 2024 14:22:05 GMT" skipped="0">
  <testcase classname="TestPage.LoginTest" name="testSuccessfulLogin" time="3.613"/>
  <testcase classname="TestPage.LoginTest" name="testUnsuccessfulLogin" time="0.965"/>
  <testcase classname="TestPage.LoginTest" name="testLoginWithEmptyFields" time="3.683"/>
  <testcase classname="TestPage.LoginTest" name="testLoginWithSpecialCharacters" time="5.309"/>
</testsuite> <!-- TestPage.LoginTest -->
